M160 (input buffer, 64 bytes):
00 00 00 00 00 00 00 00 00 00 00 00 00 00 00 00 00 00 00 00 00 00 00 00 00 00 00 00 00 00 00 00 00 00 00 00 00 00 00 00 00 00 00 00 00 00 00 00 00 00 00 00 00 00 00 00 00 00 00 00 00 00 00 00
M162 (framebuffer, 1024×6 bits):
00 00 00 00 00 00 00 00 00 00 00 00 00 00 00 00
00 00 00 00 00 00 00 00 00 00 00 00 00 00 00 00
00 00 00 00 00 00 00 00 00 00 00 00 00 00 00 00
00 00 00 00 00 00 00 00 00 00 00 00 00 00 00 00
00 00 00 00 00 00 00 00 00 00 00 00 00 00 00 00
00 00 00 00 00 00 00 00 00 00 00 00 00 00 00 00
00 00 00 00 00 00 00 00 00 00 00 00 00 00 00 00
00 00 00 00 00 00 00 00 00 00 00 00 00 00 00 00
00 00 00 00 00 00 00 00 00 00 00 00 00 00 00 00
00 00 00 00 00 00 00 00 00 00 00 00 00 00 00 00
00 00 00 00 00 00 00 00 00 00 00 00 00 00 00 00
00 00 00 00 00 00 00 00 00 00 00 00 00 00 00 00
00 00 00 00 00 00 00 00 00 00 00 00 00 00 00 00
00 00 00 00 00 00 00 00 00 00 00 00 00 00 00 00
00 00 00 00 00 00 00 00 00 00 00 00 00 00 00 00
00 00 00 00 00 00 00 00 00 00 00 00 00 00 00 00
00 00 00 00 00 00 00 00 04 04 04 04 04 00 04 00
12 12 12 00 00 00 00 00 0a 0a 1f 12 3e 14 14 00
1e 16 14 1e 05 25 1e 04 3a 2a 3c 08 0f 15 17 00
0c 12 14 1a 2a 26 1f 00 0c 08 08 00 00 00 00 00
04 08 08 08 08 08 08 08 08 04 04 04 04 04 04 04
04 16 0c 0c 00 00 00 00 08 08 1e 08 08 00 00 00
00 00 00 00 00 00 08 08 00 00 00 00 0c 00 00 00
00 00 00 00 00 00 0c 00 02 02 04 08 08 10 10 00
0c 12 12 1e 12 12 0c 00 0c 14 04 04 04 04 1f 00
1e 12 02 04 08 10 1e 00 1e 12 02 0c 02 12 1e 00
06 0a 0a 12 3f 02 02 00 1e 10 1e 02 02 12 1c 00
0c 12 10 1e 12 12 0e 00 1e 02 04 04 08 08 08 00
1e 12 12 0c 12 12 1e 00 1c 12 12 1e 02 12 1c 00
00 00 0c 00 00 00 0c 00 00 00 0c 00 00 00 0c 08
00 02 0c 10 0c 02 00 00 00 00 1e 00 1e 00 00 00
00 10 0c 02 0c 10 00 00 1e 12 02 04 08 00 08 00
0e 11 2f 33 35 2a 10 1e 0c 0c 0a 12 1e 21 21 00
1e 12 12 1c 13 11 1e 00 0e 12 10 10 10 12 0e 00
1c 12 12 11 12 12 1c 00 1e 10 10 1e 10 10 1e 00
1e 10 10 1e 10 10 10 00 0e 12 10 16 12 12 0e 00
12 12 12 1e 12 12 12 00 1e 08 08 08 08 08 1e 00
0e 02 02 02 02 12 1c 00 12 14 14 1c 14 12 11 00
10 10 10 10 10 10 1e 00 12 12 1e 1e 16 12 12 00
12 1a 1a 1a 16 16 12 00 1e 12 12 21 12 12 0c 00
1e 12 12 1e 10 10 10 00 1e 12 12 21 12 12 1c 04
1e 12 12 1e 14 12 12 00 1e 12 10 0e 02 32 1e 00
3f 08 08 08 08 08 08 00 12 12 12 12 12 12 1e 00
21 12 12 12 0c 0c 0c 00 21 21 2d 2d 1e 12 12 00
12 12 0c 0c 0c 12 21 00 21 12 0c 0c 08 08 08 00
1e 02 04 08 08 10 3f 00 0e 08 08 08 08 08 08 08
10 10 08 08 04 02 02 00 1c 04 04 04 04 04 04 04
0c 0c 12 12 00 00 00 00 00 00 00 00 00 00 00 3e
04 00 00 00 00 00 00 00 00 00 1e 02 1e 12 1f 00
10 10 1e 12 12 12 1e 00 00 00 1e 10 10 10 1e 00
02 02 1e 12 12 12 1e 00 00 00 1e 12 1e 10 1e 00
0e 08 1e 08 08 08 08 00 00 00 1e 12 12 12 1e 02
10 10 1e 12 12 12 12 00 04 00 1c 04 04 04 1f 00
04 00 1c 04 04 04 04 04 10 10 12 14 1c 14 12 00
04 04 04 04 04 06 00 00 00 00 1e 26 2a 2a 2a 00
00 00 1e 12 12 12 12 00 00 00 1e 12 12 12 1e 00
00 00 1e 12 12 12 1e 10 00 00 1e 12 12 12 1e 02
00 00 16 18 10 10 10 00 00 00 1e 10 0e 02 1e 00
00 08 1e 08 08 08 0e 00 00 00 12 12 12 12 1e 00
00 00 12 12 12 0c 0c 00 00 00 21 2d 2d 12 12 00
00 00 12 0c 0c 0c 12 00 00 00 12 12 12 0c 0c 08
00 00 1e 04 08 10 1e 00 06 08 08 08 10 08 08 08
04 04 04 04 04 04 04 04 18 04 04 04 02 04 04 04
00 00 18 06 00 00 00 00 00 00 00 00 00 00 00 00
